3/10/2016 7:24:41 PM 904 Logging started
3/10/2016 7:24:41 PM 904 Begin Startup
3/10/2016 7:24:41 PM 904 Chaosauncher 0.5.4.4 on NT 6.1.7601 Service Pack 1 at C:\Users\Harm\Desktop\Chaoslauncher\Chaoslauncher.exe
3/10/2016 7:24:41 PM 904 Load Settings
3/10/2016 7:24:41 PM 904 GamePath: D:\Program Files (x86)\Starcraft\
3/10/2016 7:24:41 PM 904 Load Plugins
3/10/2016 7:24:41 PM 904 AdvLoaderPluginPath: \Plugins\
3/10/2016 7:24:41 PM 904 Loading BWL4-Plugin C:\Users\Harm\Desktop\Chaoslauncher\BWAPI_ChaosLauncherInjector.bwl
3/10/2016 7:24:41 PM 904 Plugin loaded BWAPI Injector (1.16.1) RELEASE
3/10/2016 7:24:41 PM 904 Loading BWL4-Plugin C:\Users\Harm\Desktop\Chaoslauncher\BWAPI_ChaosLauncherInjectord.bwl
3/10/2016 7:24:41 PM 904 Unloading Plugin BWAPI_ChaosLauncherInjectord
3/10/2016 7:24:41 PM 904 Exception at: FindInDirectory BWAPI_ChaosLauncherInjectord.bwl class: Exception msg: Could not load Plugin "C:\Users\Harm\Desktop\Chaoslauncher\BWAPI_ChaosLauncherInjectord.bwl"
Error: The application has failed to start because its side-by-side configuration is incorrect. Please see the application event log or use the command-line sxstrace.exe tool for more detail.
(14001)
3/10/2016 7:24:45 PM 904 Loading BWL4-Plugin C:\Users\Harm\Desktop\Chaoslauncher\iccscbn.icc
3/10/2016 7:24:46 PM 904 Plugin loaded ICCup
3/10/2016 7:24:46 PM 904 Loading BWL4-Plugin C:\Users\Harm\Desktop\Chaoslauncher\Plugins\APMAlert.bwl
3/10/2016 7:24:46 PM 904 Unloading Plugin APMAlert
3/10/2016 7:24:46 PM 904 Exception at: FindInDirectory APMAlert.bwl class: Exception msg: Could not load Plugin "C:\Users\Harm\Desktop\Chaoslauncher\Plugins\APMAlert.bwl"
Error: Access is denied.
(5)
3/10/2016 7:24:48 PM 904 Loading BWL4-Plugin C:\Users\Harm\Desktop\Chaoslauncher\Plugins\Chaosplugin.bwl
3/10/2016 7:24:48 PM 904 Plugin loaded Chaosplugin for 1.16.1
3/10/2016 7:24:48 PM 904 Loading BWL4-Plugin C:\Users\Harm\Desktop\Chaoslauncher\Plugins\icctv.bwl
3/10/2016 7:24:48 PM 904 Plugin loaded ICCup TV Streamer
3/10/2016 7:24:48 PM 904 Loading BWL4-Plugin C:\Users\Harm\Desktop\Chaoslauncher\Plugins\icctvp.bwl
3/10/2016 7:24:48 PM 904 Plugin loaded ICCup TV Player
3/10/2016 7:24:48 PM 904 Loading BWL4-Plugin C:\Users\Harm\Desktop\Chaoslauncher\Plugins\LatencyChanger.bwl
3/10/2016 7:24:48 PM 904 Plugin loaded LatencyChanger for 1.16.1
3/10/2016 7:24:48 PM 904 Loading BWL4-Plugin C:\Users\Harm\Desktop\Chaoslauncher\Plugins\repfix.bwl
3/10/2016 7:24:49 PM 904 Plugin loaded RepFix
3/10/2016 7:24:49 PM 904 Loading BWL4-Plugin C:\Users\Harm\Desktop\Chaoslauncher\Plugins\RWAPlayer.bwl
3/10/2016 7:24:49 PM 904 Plugin loaded RWAPlayer (1.16.1)
3/10/2016 7:24:49 PM 904 Loading BWL4-Plugin C:\Users\Harm\Desktop\Chaoslauncher\Plugins\RWARecorder.bwl
3/10/2016 7:24:49 PM 904 Plugin loaded RWARecorder (1.16.1)
3/10/2016 7:24:49 PM 904 Loading BWL4-Plugin C:\Users\Harm\Desktop\Chaoslauncher\Plugins\Stormplugin.bwl
3/10/2016 7:24:49 PM 904 Plugin loaded Stormplugin for 1.16.1
3/10/2016 7:24:49 PM 904 Loading BWL4-Plugin C:\Users\Harm\Desktop\Chaoslauncher\Plugins\wmode.bwl
3/10/2016 7:24:50 PM 904 Plugin loaded W-MODE 1.02
3/10/2016 7:24:50 PM 904 Load Tools
3/10/2016 7:24:50 PM 904 Init GUI
3/10/2016 7:24:50 PM 904 Get Starcraftversions
3/10/2016 7:24:50 PM 904 Init complete
3/10/2016 7:24:52 PM 904 Startbutton
3/10/2016 7:24:52 PM 904 Starting Game Starcraft 1.16.1 D:\Program Files (x86)\Starcraft\StarCraft.exe
3/10/2016 7:24:52 PM 904 BWAPI Injector (1.16.1) RELEASE Version  Compatible
3/10/2016 7:24:52 PM 904 W-MODE 1.02 Version 1.0.2 Compatible
3/10/2016 7:24:52 PM 904 Obtained DebugPrivilege
3/10/2016 7:24:52 PM 904 CreateProcess
3/10/2016 7:24:53 PM 904 Call ScSuspended for all active Plugins
3/10/2016 7:24:53 PM 904 ApplyPatchSuspended for BWAPI Injector (1.16.1) RELEASE
3/10/2016 7:24:53 PM 904 ApplyPatchSuspended for W-MODE 1.02
3/10/2016 7:24:53 PM 904 ResumeThread
3/10/2016 7:24:53 PM 904 WaitForInputIdle
3/10/2016 7:24:53 PM 904 Call ScWindowCreated for all active Plugins
3/10/2016 7:24:53 PM 904 ApplyPatch for BWAPI Injector (1.16.1) RELEASE
3/10/2016 7:24:53 PM 904 ApplyPatch for W-MODE 1.02
3/10/2016 7:24:53 PM 904 Starting Starcraft completed
